<?xml version="1.0" encoding="UTF-8"?>
<!-- Generated by org.testng.reporters.JUnitXMLReporter -->
<testsuite ignored="0" hostname="DESKTOP-CBFC25M" failures="3" tests="14" name="Test" time="28.224" errors="0" timestamp="2022-05-13T13:03:06 IST">
  <testcase classname="failedtestcases.TestEx" name="Test1" time="2.024">
    <skipped/>
  </testcase> <!-- Test1 -->
  <testcase classname="failedtestcases.TestEx" name="Test1" time="2.016">
    <skipped/>
  </testcase> <!-- Test1 -->
  <testcase classname="failedtestcases.TestEx" name="Test1" time="2.008">
    <skipped/>
  </testcase> <!-- Test1 -->
  <testcase classname="failedtestcases.TestEx" name="Test1" time="2.012">
    <failure type="java.lang.AssertionError" message="expected [true] but found [false]">
      <![CDATA[java.lang.AssertionError: expected [true] but found [false]
at failedtestcases.TestEx.Test1(TestEx.java:12)
at java.base/java.util.ArrayList.forEach(ArrayList.java:1511)
... Removed 33 stack frames]]>
    </failure>
  </testcase> <!-- Test1 -->
  <testcase classname="failedtestcases.TestEx" name="Test2" time="2.003">
    <skipped/>
  </testcase> <!-- Test2 -->
  <testcase classname="failedtestcases.TestEx" name="Test2" time="2.004">
    <skipped/>
  </testcase> <!-- Test2 -->
  <testcase classname="failedtestcases.TestEx" name="Test2" time="2.011">
    <skipped/>
  </testcase> <!-- Test2 -->
  <testcase classname="failedtestcases.TestEx" name="Test2" time="2.015">
    <failure type="java.lang.AssertionError" message="expected [true] but found [false]">
      <![CDATA[java.lang.AssertionError: expected [true] but found [false]
at failedtestcases.TestEx.Test2(TestEx.java:18)
at java.base/java.util.ArrayList.forEach(ArrayList.java:1511)
... Removed 33 stack frames]]>
    </failure>
  </testcase> <!-- Test2 -->
  <testcase classname="failedtestcases.TestEx" name="Test3" time="2.005"/>
  <testcase classname="failedtestcases.TestEx" name="Test4" time="2.012">
    <skipped/>
  </testcase> <!-- Test4 -->
  <testcase classname="failedtestcases.TestEx" name="Test4" time="2.003">
    <skipped/>
  </testcase> <!-- Test4 -->
  <testcase classname="failedtestcases.TestEx" name="Test4" time="2.004">
    <skipped/>
  </testcase> <!-- Test4 -->
  <testcase classname="failedtestcases.TestEx" name="Test4" time="2.009">
    <failure type="java.lang.AssertionError" message="expected [true] but found [false]">
      <![CDATA[java.lang.AssertionError: expected [true] but found [false]
at failedtestcases.TestEx.Test4(TestEx.java:31)
at java.base/java.util.ArrayList.forEach(ArrayList.java:1511)
... Removed 33 stack frames]]>
    </failure>
  </testcase> <!-- Test4 -->
  <testcase classname="failedtestcases.TestEx" name="Test5" time="2.007"/>
</testsuite> <!-- Test -->
